
Jun 19, 2018 10:24:06.83 NEW SESSION
Jun 19, 2018 10:24:06.83 /usr/bin/firefox

Jun 19, 2018 15:58:27.51 NEW SESSION
Jun 19, 2018 15:58:27.51 /usr/bin/firefox

Jun 21, 2018 09:53:21.80 NEW SESSION
Jun 21, 2018 09:53:21.80 /usr/bin/firefox

Jun 29, 2018 11:10:12.90 NEW SESSION
Jun 29, 2018 11:10:12.90 /usr/bin/firefox

Jul 02, 2018 13:07:30.04 NEW SESSION
Jul 02, 2018 13:07:30.04 /usr/bin/firefox

Jul 18, 2018 10:58:37.16 NEW SESSION
Jul 18, 2018 10:58:37.16 /usr/bin/firefox

Jul 19, 2018 14:18:29.18 NEW SESSION
Jul 19, 2018 14:18:29.18 /usr/bin/firefox

Jul 25, 2018 11:07:49.66 NEW SESSION
Jul 25, 2018 11:07:49.66 /usr/bin/firefox

Jul 26, 2018 10:33:42.15 NEW SESSION
Jul 26, 2018 10:33:42.15 /usr/bin/firefox

Aug 06, 2018 11:40:58.13 NEW SESSION
Aug 06, 2018 11:40:58.13 /usr/bin/firefox

Aug 20, 2018 11:18:28.88 NEW SESSION
Aug 20, 2018 11:18:28.89 /usr/bin/firefox
